<?xml version="1.0" encoding="UTF-8"?>
<!-- Generated by org.testng.reporters.JUnitXMLReporter -->
<testsuite hostname="Windows81" name="Command line test" tests="4" failures="0" timestamp="24 Jun 2020 05:35:12 GMT" time="18.58" errors="0">
  <testcase name="checkCreateNewResource" time="11.113" classname="com.api.testscripts.CreateNewResourceTest"/>
  <testcase name="checkAllCountries" time="5.688" classname="com.api.testscripts.FetchAllCountryTest"/>
  <testcase name="checkFetchAllPosts" time="0.677" classname="com.api.testscripts.FetchAllPostsTest"/>
  <testcase name="checkPartiaUpdate" time="1.041" classname="com.api.testscripts.UpdatePartiallyTest"/>
</testsuite> <!-- Command line test -->
